[0m[[0m[0mdebug[0m] [0m[0m> Exec(reStart, Some(10dda121-f345-4302-9ae6-2b13b4241552), Some(CommandSource(console0)))[0m
[0m[[0m[0mdebug[0m] [0m[0mEvaluating tasks: reStart[0m
[0m[[0m[0mdebug[0m] [0m[0mRunning task... Cancel: Signal, check cycles: false, forcegc: true[0m
[0m[[0m[0minfo[0m] [0m[0mcompiling 1 Scala source to D:\uczelnia\semestr poprawkowy\scala_poprawa\luc-justyna\lab13_25_05\target\scala-2.13\classes ...[0m
[0m[[0m[33mwarn[0m] [0m[0mD:\uczelnia\semestr poprawkowy\scala_poprawa\luc-justyna\lab13_25_05\src\main\scala\Zad1.scala:32:38: Auto-application to `()` is deprecated. Supply the empty argument list `()` explicitly to invoke method apply,[0m
[0m[[0m[33mwarn[0m] [0m[0mor remove the empty argument list from its definition (Java-defined methods are exempt).[0m
[0m[[0m[33mwarn[0m] [0m[0mIn Scala 3, an unapplied method like this will be eta-expanded into a function.[0m
[0m[[0m[33mwarn[0m] [0m[0m        val n = context.actorOf(Props[Węzeł], "L")[0m
[0m[[0m[33mwarn[0m] [0m[0m                                     ^[0m
[0m[[0m[33mwarn[0m] [0m[0mD:\uczelnia\semestr poprawkowy\scala_poprawa\luc-justyna\lab13_25_05\src\main\scala\Zad1.scala:36:38: Auto-application to `()` is deprecated. Supply the empty argument list `()` explicitly to invoke method apply,[0m
[0m[[0m[33mwarn[0m] [0m[0mor remove the empty argument list from its definition (Java-defined methods are exempt).[0m
[0m[[0m[33mwarn[0m] [0m[0mIn Scala 3, an unapplied method like this will be eta-expanded into a function.[0m
[0m[[0m[33mwarn[0m] [0m[0m        val n = context.actorOf(Props[Węzeł], "P")[0m
[0m[[0m[33mwarn[0m] [0m[0m                                     ^[0m
[0m[[0m[33mwarn[0m] [0m[0mD:\uczelnia\semestr poprawkowy\scala_poprawa\luc-justyna\lab13_25_05\src\main\scala\Zad1.scala:53:38: Auto-application to `()` is deprecated. Supply the empty argument list `()` explicitly to invoke method apply,[0m
[0m[[0m[33mwarn[0m] [0m[0mor remove the empty argument list from its definition (Java-defined methods are exempt).[0m
[0m[[0m[33mwarn[0m] [0m[0mIn Scala 3, an unapplied method like this will be eta-expanded into a function.[0m
[0m[[0m[33mwarn[0m] [0m[0m        val n = context.actorOf(Props[Węzeł], "P")[0m
[0m[[0m[33mwarn[0m] [0m[0m                                     ^[0m
[0m[[0m[33mwarn[0m] [0m[0mD:\uczelnia\semestr poprawkowy\scala_poprawa\luc-justyna\lab13_25_05\src\main\scala\Zad1.scala:72:38: Auto-application to `()` is deprecated. Supply the empty argument list `()` explicitly to invoke method apply,[0m
[0m[[0m[33mwarn[0m] [0m[0mor remove the empty argument list from its definition (Java-defined methods are exempt).[0m
[0m[[0m[33mwarn[0m] [0m[0mIn Scala 3, an unapplied method like this will be eta-expanded into a function.[0m
[0m[[0m[33mwarn[0m] [0m[0m        val n = context.actorOf(Props[Węzeł], "L")[0m
[0m[[0m[33mwarn[0m] [0m[0m                                     ^[0m
[0m[[0m[33mwarn[0m] [0m[0mD:\uczelnia\semestr poprawkowy\scala_poprawa\luc-justyna\lab13_25_05\src\main\scala\Zad1.scala:111:34: Auto-application to `()` is deprecated. Supply the empty argument list `()` explicitly to invoke method apply,[0m
[0m[[0m[33mwarn[0m] [0m[0mor remove the empty argument list from its definition (Java-defined methods are exempt).[0m
[0m[[0m[33mwarn[0m] [0m[0mIn Scala 3, an unapplied method like this will be eta-expanded into a function.[0m
[0m[[0m[33mwarn[0m] [0m[0m  val root = system.actorOf(Props[Węzeł], s"root")[0m
[0m[[0m[33mwarn[0m] [0m[0m                                 ^[0m
[0m[[0m[33mwarn[0m] [0m[0m5 warnings found[0m
[0m[[0m[33mwarn[0m] [0m[0mmultiple main classes detected: run 'show discoveredMainClasses' to see the list[0m
[0m[[0m[0minfo[0m] [0m[0m[33mStopping application [0m[36mlab13_25_05[0m[33m (by killing the forked JVM) ...[0m
[0m[[0m[0minfo[0m] [0m[0m[33mStarting application [0m[33mlab13_25_05[0m[33m in the background ...[0m
[0m[[0m[32msuccess[0m] [0m[0mTotal time: 2 s, completed 25 maj 2021, 15:16:29[0m
[0m[[0m[0mdebug[0m] [0m[0m> Exec(shell, None, None)[0m
