[0m[[0m[0mdebug[0m] [0m[0m> Exec(reStart, Some(e3579696-befe-4f2f-9163-5aa1cf65c592), Some(CommandSource(console0)))[0m
[0m[[0m[0mdebug[0m] [0m[0mEvaluating tasks: reStart[0m
[0m[[0m[0mdebug[0m] [0m[0mRunning task... Cancel: Signal, check cycles: false, forcegc: true[0m
[0m[[0m[0minfo[0m] [0m[0mcompiling 1 Scala source to D:\uczelnia\semestr poprawkowy\scala_poprawa\luc-justyna\lab5_23_03\target\scala-2.13\classes ...[0m
[0m[[0m[31merror[0m] [0m[0mD:\uczelnia\semestr poprawkowy\scala_poprawa\luc-justyna\lab5_23_03\src\main\scala\Main.scala:56:22: scrutinee is incompatible with pattern type;[0m
[0m[[0m[31merror[0m] [0m[0m found   : List[A][0m
[0m[[0m[31merror[0m] [0m[0m required: Int[0m
[0m[[0m[31merror[0m] [0m[0m            case List() => l2[0m
[0m[[0m[31merror[0m] [0m[0m                     ^[0m
[0m[[0m[31merror[0m] [0m[0mD:\uczelnia\semestr poprawkowy\scala_poprawa\luc-justyna\lab5_23_03\src\main\scala\Main.scala:56:28: type mismatch;[0m
[0m[[0m[31merror[0m] [0m[0m found   : l2.type (with underlying type List[A])[0m
[0m[[0m[31merror[0m] [0m[0m required: A[0m
[0m[[0m[31merror[0m] [0m[0m            case List() => l2[0m
[0m[[0m[31merror[0m] [0m[0m                           ^[0m
[0m[[0m[0minfo[0m] [0m[0ml2.type <: A?[0m
[0m[[0m[0minfo[0m] [0m[0mfalse[0m
[0m[[0m[31merror[0m] [0m[0mD:\uczelnia\semestr poprawkowy\scala_poprawa\luc-justyna\lab5_23_03\src\main\scala\Main.scala:57:20: constructor cannot be instantiated to expected type;[0m
[0m[[0m[31merror[0m] [0m[0m found   : scala.collection.immutable.::[A][0m
[0m[[0m[31merror[0m] [0m[0m required: Int[0m
[0m[[0m[31merror[0m] [0m[0m            case a :: b => p(b,a::l2)[0m
[0m[[0m[31merror[0m] [0m[0m                   ^[0m
[0m[[0m[31merror[0m] [0m[0mD:\uczelnia\semestr poprawkowy\scala_poprawa\luc-justyna\lab5_23_03\src\main\scala\Main.scala:55:54: type mismatch;[0m
[0m[[0m[31merror[0m] [0m[0m found   : Int => A[0m
[0m[[0m[31merror[0m] [0m[0m required: List[A][0m
[0m[[0m[31merror[0m] [0m[0m        def p[A](l: List[A], l2: List[A]): List[A] = {[0m
[0m[[0m[31merror[0m] [0m[0m                                                     ^[0m
[0m[[0m[0minfo[0m] [0m[0mInt => A <: List[A]?[0m
[0m[[0m[0minfo[0m] [0m[0mfalse[0m
[0m[[0m[31merror[0m] [0m[0mfour errors found[0m
[0m[[0m[31merror[0m] [0m[0m(Compile / [31mcompileIncremental[0m) Compilation failed[0m
[0m[[0m[31merror[0m] [0m[0mTotal time: 0 s, completed 25 mar 2021, 20:50:47[0m
[0m[[0m[0mdebug[0m] [0m[0m> Exec(shell, None, None)[0m
