[0m[[0m[0mdebug[0m] [0m[0m> Exec(reStart, Some(acf2a7ea-837b-47b8-8b6f-7ab39d70a08b), Some(CommandSource(console0)))[0m
[0m[[0m[0mdebug[0m] [0m[0mEvaluating tasks: reStart[0m
[0m[[0m[0mdebug[0m] [0m[0mRunning task... Cancel: Signal, check cycles: false, forcegc: true[0m
[0m[[0m[0minfo[0m] [0m[0mcompiling 1 Scala source to D:\uczelnia\semestr poprawkowy\scala_poprawa\luc-justyna\lab10_04_05\target\scala-2.13\classes ...[0m
[0m[[0m[31merror[0m] [0m[0mD:\uczelnia\semestr poprawkowy\scala_poprawa\luc-justyna\lab10_04_05\src\main\scala\Zad2.scala:13:12: not found: value Graj[0m
[0m[[0m[31merror[0m] [0m[0m      case Graj => a ! Piłeczka[0m
[0m[[0m[31merror[0m] [0m[0m           ^[0m
[0m[[0m[31merror[0m] [0m[0mD:\uczelnia\semestr poprawkowy\scala_poprawa\luc-justyna\lab10_04_05\src\main\scala\Zad2.scala:14:43: too many arguments (found 2, expected 1) for method println: (x: Any): Unit[0m
[0m[[0m[31merror[0m] [0m[0m      case Piłeczka => println(self.name, "dostałem piłeczke")[0m
[0m[[0m[31merror[0m] [0m[0m                                          ^[0m
[0m[[0m[33mwarn[0m] [0m[0mD:\uczelnia\semestr poprawkowy\scala_poprawa\luc-justyna\lab10_04_05\src\main\scala\Zad2.scala:25:38: Auto-application to `()` is deprecated. Supply the empty argument list `()` explicitly to invoke method apply,[0m
[0m[[0m[33mwarn[0m] [0m[0mor remove the empty argument list from its definition (Java-defined methods are exempt).[0m
[0m[[0m[33mwarn[0m] [0m[0mIn Scala 3, an unapplied method like this will be eta-expanded into a function.[0m
[0m[[0m[33mwarn[0m] [0m[0m    val gracz1 = system.actorOf(Props[Gracz], "gracz1")[0m
[0m[[0m[33mwarn[0m] [0m[0m                                     ^[0m
[0m[[0m[33mwarn[0m] [0m[0mD:\uczelnia\semestr poprawkowy\scala_poprawa\luc-justyna\lab10_04_05\src\main\scala\Zad2.scala:26:38: Auto-application to `()` is deprecated. Supply the empty argument list `()` explicitly to invoke method apply,[0m
[0m[[0m[33mwarn[0m] [0m[0mor remove the empty argument list from its definition (Java-defined methods are exempt).[0m
[0m[[0m[33mwarn[0m] [0m[0mIn Scala 3, an unapplied method like this will be eta-expanded into a function.[0m
[0m[[0m[33mwarn[0m] [0m[0m    val gracz2 = system.actorOf(Props[Gracz], "gracz2")[0m
[0m[[0m[33mwarn[0m] [0m[0m                                     ^[0m
[0m[[0m[33mwarn[0m] [0m[0mD:\uczelnia\semestr poprawkowy\scala_poprawa\luc-justyna\lab10_04_05\src\main\scala\Zad2.scala:27:38: Auto-application to `()` is deprecated. Supply the empty argument list `()` explicitly to invoke method apply,[0m
[0m[[0m[33mwarn[0m] [0m[0mor remove the empty argument list from its definition (Java-defined methods are exempt).[0m
[0m[[0m[33mwarn[0m] [0m[0mIn Scala 3, an unapplied method like this will be eta-expanded into a function.[0m
[0m[[0m[33mwarn[0m] [0m[0m    val gracz3 = system.actorOf(Props[Gracz], "gracz3")[0m
[0m[[0m[33mwarn[0m] [0m[0m                                     ^[0m
[0m[[0m[33mwarn[0m] [0m[0mthree warnings found[0m
[0m[[0m[31merror[0m] [0m[0mtwo errors found[0m
[0m[[0m[31merror[0m] [0m[0m(Compile / [31mcompileIncremental[0m) Compilation failed[0m
[0m[[0m[31merror[0m] [0m[0mTotal time: 1 s, completed 13 maj 2021, 21:07:47[0m
[0m[[0m[0mdebug[0m] [0m[0m> Exec(shell, None, None)[0m
[0m[[0m[0mdebug[0m] [0m[0mForcing garbage collection...[0m
